# JRE version: OpenJDK Runtime Environment GraalVM CE 22.3.0 (17.0.5+8) (build 17.0.5+8-jvmci-22.3-b08)
# Java VM: OpenJDK 64-Bit Server VM GraalVM CE 22.3.0 (17.0.5+8-jvmci-22.3-b08, mixed mode, sharing, tiered, jvmci, jvmci compiler, compressed oops, compressed class ptrs, parallel gc, linux-amd64)
GC Precious Log:
 CPUs: 8 total, 1 available
 Memory: 1024M
 Large Page Support: Disabled
 NUMA Support: Disabled
 Compressed Oops: Enabled (32-bit)
 Alignments: Space 512K, Generation 512K, Heap 2M
 Heap Min Capacity: 100M
 Heap Initial Capacity: 100M
 Heap Max Capacity: 512M
 Pre-touch: Disabled
 Parallel Workers: 1
Heap:
 PSYoungGen      total 59392K, used 41329K [0x00000000f5580000, 0x00000000fdd80000, 0x0000000100000000)
  eden space 35840K, 99% used [0x00000000f5580000,0x00000000f787fff8,0x00000000f7880000)
  from space 23552K, 23% used [0x00000000faa80000,0x00000000fafdc4c8,0x00000000fc180000)
  to   space 51200K, 0% used [0x00000000f7880000,0x00000000f7880000,0x00000000faa80000)
 ParOldGen       total 349696K, used 349695K [0x00000000e0000000, 0x00000000f5580000, 0x00000000f5580000)
  object space 349696K, 99% used [0x00000000e0000000,0x00000000f557fff0,0x00000000f5580000)
 Metaspace       used 59486K, committed 60608K, reserved 1105920K
  class space    used 5793K, committed 6272K, reserved 1048576K
GC Heap History (20 events):
Event: 1736.819 GC heap before
{Heap before GC invocations=929 (full 840):
 PSYoungGen      total 59392K, used 41329K [0x00000000f5580000, 0x00000000fdd80000, 0x0000000100000000)
  eden space 35840K, 99% used [0x00000000f5580000,0x00000000f787ffe0,0x00000000f7880000)
  from space 23552K, 23% used [0x00000000faa80000,0x00000000fafdc4c8,0x00000000fc180000)
  to   space 51200K, 0% used [0x00000000f7880000,0x00000000f7880000,0x00000000faa80000)
 ParOldGen       total 349696K, used 349695K [0x00000000e0000000, 0x00000000f5580000, 0x00000000f5580000)
  object space 349696K, 99% used [0x00000000e0000000,0x00000000f557ff38,0x00000000f5580000)
 Metaspace       used 59486K, committed 60608K, reserved 1105920K
  class space    used 5793K, committed 6272K, reserved 1048576K
}
Event: 1738.322 GC heap after
{Heap after GC invocations=929 (full 840):
 PSYoungGen      total 59392K, used 41329K [0x00000000f5580000, 0x00000000fdd80000, 0x0000000100000000)
  eden space 35840K, 99% used [0x00000000f5580000,0x00000000f787ffe0,0x00000000f7880000)
  from space 23552K, 23% used [0x00000000faa80000,0x00000000fafdc4c8,0x00000000fc180000)
  to   space 51200K, 0% used [0x00000000f7880000,0x00000000f7880000,0x00000000faa80000)
 ParOldGen       total 349696K, used 349695K [0x00000000e0000000, 0x00000000f5580000, 0x00000000f5580000)
  object space 349696K, 99% used [0x00000000e0000000,0x00000000f557ff38,0x00000000f5580000)
 Metaspace       used 59486K, committed 60608K, reserved 1105920K
  class space    used 5793K, committed 6272K, reserved 1048576K
}
Event: 1738.322 GC heap before
{Heap before GC invocations=930 (full 841):
 PSYoungGen      total 59392K, used 41329K [0x00000000f5580000, 0x00000000fdd80000, 0x0000000100000000)
  eden space 35840K, 99% used [0x00000000f5580000,0x00000000f787ffe0,0x00000000f7880000)
  from space 23552K, 23% used [0x00000000faa80000,0x00000000fafdc4c8,0x00000000fc180000)
  to   space 51200K, 0% used [0x00000000f7880000,0x00000000f7880000,0x00000000faa80000)
 ParOldGen       total 349696K, used 349695K [0x00000000e0000000, 0x00000000f5580000, 0x00000000f5580000)
  object space 349696K, 99% used [0x00000000e0000000,0x00000000f557ff38,0x00000000f5580000)
 Metaspace       used 59486K, committed 60608K, reserved 1105920K
  class space    used 5793K, committed 6272K, reserved 1048576K
}
Event: 1739.981 GC heap after
{Heap after GC invocations=930 (full 841):
 PSYoungGen      total 59392K, used 41329K [0x00000000f5580000, 0x00000000fdd80000, 0x0000000100000000)
  eden space 35840K, 99% used [0x00000000f5580000,0x00000000f787ffe0,0x00000000f7880000)
  from space 23552K, 23% used [0x00000000faa80000,0x00000000fafdc4c8,0x00000000fc180000)
  to   space 51200K, 0% used [0x00000000f7880000,0x00000000f7880000,0x00000000faa80000)
 ParOldGen       total 349696K, used 349695K [0x00000000e0000000, 0x00000000f5580000, 0x00000000f5580000)
  object space 349696K, 99% used [0x00000000e0000000,0x00000000f557ff38,0x00000000f5580000)
 Metaspace       used 59486K, committed 60608K, reserved 1105920K
  class space    used 5793K, committed 6272K, reserved 1048576K
}
Event: 1739.981 GC heap before
{Heap before GC invocations=931 (full 842):
 PSYoungGen      total 59392K, used 41329K [0x00000000f5580000, 0x00000000fdd80000, 0x0000000100000000)
  eden space 35840K, 100% used [0x00000000f5580000,0x00000000f7880000,0x00000000f7880000)
  from space 23552K, 23% used [0x00000000faa80000,0x00000000fafdc4c8,0x00000000fc180000)
  to   space 51200K, 0% used [0x00000000f7880000,0x00000000f7880000,0x00000000faa80000)
 ParOldGen       total 349696K, used 349695K [0x00000000e0000000, 0x00000000f5580000, 0x00000000f5580000)
  object space 349696K, 99% used [0x00000000e0000000,0x00000000f557ffd0,0x00000000f5580000)
 Metaspace       used 59486K, committed 60608K, reserved 1105920K
  class space    used 5793K, committed 6272K, reserved 1048576K
}
Event: 1741.582 GC heap after
{Heap after GC invocations=931 (full 842):
 PSYoungGen      total 59392K, used 41329K [0x00000000f5580000, 0x00000000fdd80000, 0x0000000100000000)
  eden space 35840K, 99% used [0x00000000f5580000,0x00000000f787ffb0,0x00000000f7880000)
  from space 23552K, 23% used [0x00000000faa80000,0x00000000fafdc4c8,0x00000000fc180000)
  to   space 51200K, 0% used [0x00000000f7880000,0x00000000f7880000,0x00000000faa80000)
 ParOldGen       total 349696K, used 349695K [0x00000000e0000000, 0x00000000f5580000, 0x00000000f5580000)
  object space 349696K, 99% used [0x00000000e0000000,0x00000000f557ff70,0x00000000f5580000)
 Metaspace       used 59486K, committed 60608K, reserved 1105920K
  class space    used 5793K, committed 6272K, reserved 1048576K
}
Event: 1741.583 GC heap before
{Heap before GC invocations=932 (full 843):
 PSYoungGen      total 59392K, used 41329K [0x00000000f5580000, 0x00000000fdd80000, 0x0000000100000000)
  eden space 35840K, 100% used [0x00000000f5580000,0x00000000f7880000,0x00000000f7880000)
  from space 23552K, 23% used [0x00000000faa80000,0x00000000fafdc4c8,0x00000000fc180000)
  to   space 51200K, 0% used [0x00000000f7880000,0x00000000f7880000,0x00000000faa80000)
 ParOldGen       total 349696K, used 349695K [0x00000000e0000000, 0x00000000f5580000, 0x00000000f5580000)
  object space 349696K, 99% used [0x00000000e0000000,0x00000000f557ff70,0x00000000f5580000)
 Metaspace       used 59486K, committed 60608K, reserved 1105920K
  class space    used 5793K, committed 6272K, reserved 1048576K
}
Event: 1743.304 GC heap after
{Heap after GC invocations=932 (full 843):
 PSYoungGen      total 59392K, used 41329K [0x00000000f5580000, 0x00000000fdd80000, 0x0000000100000000)
  eden space 35840K, 100% used [0x00000000f5580000,0x00000000f7880000,0x00000000f7880000)
  from space 23552K, 23% used [0x00000000faa80000,0x00000000fafdc4c8,0x00000000fc180000)
  to   space 51200K, 0% used [0x00000000f7880000,0x00000000f7880000,0x00000000faa80000)
 ParOldGen       total 349696K, used 349695K [0x00000000e0000000, 0x00000000f5580000, 0x00000000f5580000)
  object space 349696K, 99% used [0x00000000e0000000,0x00000000f557ff50,0x00000000f5580000)
 Metaspace       used 59486K, committed 60608K, reserved 1105920K
  class space    used 5793K, committed 6272K, reserved 1048576K
}
Event: 1743.305 GC heap before
{Heap before GC invocations=933 (full 844):
 PSYoungGen      total 59392K, used 41329K [0x00000000f5580000, 0x00000000fdd80000, 0x0000000100000000)
  eden space 35840K, 100% used [0x00000000f5580000,0x00000000f7880000,0x00000000f7880000)
  from space 23552K, 23% used [0x00000000faa80000,0x00000000fafdc4c8,0x00000000fc180000)
  to   space 51200K, 0% used [0x00000000f7880000,0x00000000f7880000,0x00000000faa80000)
 ParOldGen       total 349696K, used 349695K [0x00000000e0000000, 0x00000000f5580000, 0x00000000f5580000)
  object space 349696K, 99% used [0x00000000e0000000,0x00000000f557fff8,0x00000000f5580000)
 Metaspace       used 59486K, committed 60608K, reserved 1105920K
  class space    used 5793K, committed 6272K, reserved 1048576K
}
Event: 1745.005 GC heap after
{Heap after GC invocations=933 (full 844):
 PSYoungGen      total 59392K, used 41329K [0x00000000f5580000, 0x00000000fdd80000, 0x0000000100000000)
  eden space 35840K, 99% used [0x00000000f5580000,0x00000000f787ffc8,0x00000000f7880000)
  from space 23552K, 23% used [0x00000000faa80000,0x00000000fafdc4c8,0x00000000fc180000)
  to   space 51200K, 0% used [0x00000000f7880000,0x00000000f7880000,0x00000000faa80000)
 ParOldGen       total 349696K, used 349695K [0x00000000e0000000, 0x00000000f5580000, 0x00000000f5580000)
  object space 349696K, 99% used [0x00000000e0000000,0x00000000f557ff88,0x00000000f5580000)
 Metaspace       used 59486K, committed 60608K, reserved 1105920K
  class space    used 5793K, committed 6272K, reserved 1048576K
}
Event: 1745.005 GC heap before
{Heap before GC invocations=934 (full 845):
 PSYoungGen      total 59392K, used 41329K [0x00000000f5580000, 0x00000000fdd80000, 0x0000000100000000)
  eden space 35840K, 99% used [0x00000000f5580000,0x00000000f787fff8,0x00000000f7880000)
  from space 23552K, 23% used [0x00000000faa80000,0x00000000fafdc4c8,0x00000000fc180000)
  to   space 51200K, 0% used [0x00000000f7880000,0x00000000f7880000,0x00000000faa80000)
 ParOldGen       total 349696K, used 349695K [0x00000000e0000000, 0x00000000f5580000, 0x00000000f5580000)
  object space 349696K, 99% used [0x00000000e0000000,0x00000000f557ff88,0x00000000f5580000)
 Metaspace       used 59486K, committed 60608K, reserved 1105920K
  class space    used 5793K, committed 6272K, reserved 1048576K
}
Event: 1746.599 GC heap after
{Heap after GC invocations=934 (full 845):
 PSYoungGen      total 59392K, used 41329K [0x00000000f5580000, 0x00000000fdd80000, 0x0000000100000000)
  eden space 35840K, 99% used [0x00000000f5580000,0x00000000f787ffe0,0x00000000f7880000)
  from space 23552K, 23% used [0x00000000faa80000,0x00000000fafdc4c8,0x00000000fc180000)
  to   space 51200K, 0% used [0x00000000f7880000,0x00000000f7880000,0x00000000faa80000)
 ParOldGen       total 349696K, used 349695K [0x00000000e0000000, 0x00000000f5580000, 0x00000000f5580000)
  object space 349696K, 99% used [0x00000000e0000000,0x00000000f557ff88,0x00000000f5580000)
 Metaspace       used 59486K, committed 60608K, reserved 1105920K
  class space    used 5793K, committed 6272K, reserved 1048576K
}
Event: 1746.599 GC heap before
{Heap before GC invocations=935 (full 846):
 PSYoungGen      total 59392K, used 41329K [0x00000000f5580000, 0x00000000fdd80000, 0x0000000100000000)
  eden space 35840K, 99% used [0x00000000f5580000,0x00000000f787fff8,0x00000000f7880000)
  from space 23552K, 23% used [0x00000000faa80000,0x00000000fafdc4c8,0x00000000fc180000)
  to   space 51200K, 0% used [0x00000000f7880000,0x00000000f7880000,0x00000000faa80000)
 ParOldGen       total 349696K, used 349695K [0x00000000e0000000, 0x00000000f5580000, 0x00000000f5580000)
  object space 349696K, 99% used [0x00000000e0000000,0x00000000f557ff88,0x00000000f5580000)
 Metaspace       used 59486K, committed 60608K, reserved 1105920K
  class space    used 5793K, committed 6272K, reserved 1048576K
}
Event: 1748.309 GC heap after
{Heap after GC invocations=935 (full 846):
 PSYoungGen      total 59392K, used 41329K [0x00000000f5580000, 0x00000000fdd80000, 0x0000000100000000)
  eden space 35840K, 99% used [0x00000000f5580000,0x00000000f787fff8,0x00000000f7880000)
  from space 23552K, 23% used [0x00000000faa80000,0x00000000fafdc4c8,0x00000000fc180000)
  to   space 51200K, 0% used [0x00000000f7880000,0x00000000f7880000,0x00000000faa80000)
 ParOldGen       total 349696K, used 349695K [0x00000000e0000000, 0x00000000f5580000, 0x00000000f5580000)
  object space 349696K, 99% used [0x00000000e0000000,0x00000000f557ff88,0x00000000f5580000)
 Metaspace       used 59486K, committed 60608K, reserved 1105920K
  class space    used 5793K, committed 6272K, reserved 1048576K
}
Event: 1748.309 GC heap before
{Heap before GC invocations=936 (full 847):
 PSYoungGen      total 59392K, used 41329K [0x00000000f5580000, 0x00000000fdd80000, 0x0000000100000000)
  eden space 35840K, 99% used [0x00000000f5580000,0x00000000f787fff8,0x00000000f7880000)
  from space 23552K, 23% used [0x00000000faa80000,0x00000000fafdc4c8,0x00000000fc180000)
  to   space 51200K, 0% used [0x00000000f7880000,0x00000000f7880000,0x00000000faa80000)
 ParOldGen       total 349696K, used 349696K [0x00000000e0000000, 0x00000000f5580000, 0x00000000f5580000)
  object space 349696K, 100% used [0x00000000e0000000,0x00000000f5580000,0x00000000f5580000)
 Metaspace       used 59486K, committed 60608K, reserved 1105920K
  class space    used 5793K, committed 6272K, reserved 1048576K
}
Event: 1749.920 GC heap after
{Heap after GC invocations=936 (full 847):
 PSYoungGen      total 59392K, used 41329K [0x00000000f5580000, 0x00000000fdd80000, 0x0000000100000000)
  eden space 35840K, 99% used [0x00000000f5580000,0x00000000f787fff8,0x00000000f7880000)
  from space 23552K, 23% used [0x00000000faa80000,0x00000000fafdc4c8,0x00000000fc180000)
  to   space 51200K, 0% used [0x00000000f7880000,0x00000000f7880000,0x00000000faa80000)
 ParOldGen       total 349696K, used 349695K [0x00000000e0000000, 0x00000000f5580000, 0x00000000f5580000)
  object space 349696K, 99% used [0x00000000e0000000,0x00000000f557ff78,0x00000000f5580000)
 Metaspace       used 59486K, committed 60608K, reserved 1105920K
  class space    used 5793K, committed 6272K, reserved 1048576K
}
Event: 1749.920 GC heap before
{Heap before GC invocations=937 (full 848):
 PSYoungGen      total 59392K, used 41329K [0x00000000f5580000, 0x00000000fdd80000, 0x0000000100000000)
  eden space 35840K, 99% used [0x00000000f5580000,0x00000000f787fff8,0x00000000f7880000)
  from space 23552K, 23% used [0x00000000faa80000,0x00000000fafdc4c8,0x00000000fc180000)
  to   space 51200K, 0% used [0x00000000f7880000,0x00000000f7880000,0x00000000faa80000)
 ParOldGen       total 349696K, used 349695K [0x00000000e0000000, 0x00000000f5580000, 0x00000000f5580000)
  object space 349696K, 99% used [0x00000000e0000000,0x00000000f557ffe8,0x00000000f5580000)
 Metaspace       used 59486K, committed 60608K, reserved 1105920K
  class space    used 5793K, committed 6272K, reserved 1048576K
}
Event: 1751.615 GC heap after
{Heap after GC invocations=937 (full 848):
 PSYoungGen      total 59392K, used 41329K [0x00000000f5580000, 0x00000000fdd80000, 0x0000000100000000)
  eden space 35840K, 99% used [0x00000000f5580000,0x00000000f787fff8,0x00000000f7880000)
  from space 23552K, 23% used [0x00000000faa80000,0x00000000fafdc4c8,0x00000000fc180000)
  to   space 51200K, 0% used [0x00000000f7880000,0x00000000f7880000,0x00000000faa80000)
 ParOldGen       total 349696K, used 349695K [0x00000000e0000000, 0x00000000f5580000, 0x00000000f5580000)
  object space 349696K, 99% used [0x00000000e0000000,0x00000000f557ff78,0x00000000f5580000)
 Metaspace       used 59486K, committed 60608K, reserved 1105920K
  class space    used 5793K, committed 6272K, reserved 1048576K
}
Event: 1751.615 GC heap before
{Heap before GC invocations=938 (full 849):
 PSYoungGen      total 59392K, used 41329K [0x00000000f5580000, 0x00000000fdd80000, 0x0000000100000000)
  eden space 35840K, 99% used [0x00000000f5580000,0x00000000f787fff8,0x00000000f7880000)
  from space 23552K, 23% used [0x00000000faa80000,0x00000000fafdc4c8,0x00000000fc180000)
  to   space 51200K, 0% used [0x00000000f7880000,0x00000000f7880000,0x00000000faa80000)
 ParOldGen       total 349696K, used 349695K [0x00000000e0000000, 0x00000000f5580000, 0x00000000f5580000)
  object space 349696K, 99% used [0x00000000e0000000,0x00000000f557ff78,0x00000000f5580000)
 Metaspace       used 59486K, committed 60608K, reserved 1105920K
  class space    used 5793K, committed 6272K, reserved 1048576K
}
Event: 1753.129 GC heap after
{Heap after GC invocations=938 (full 849):
 PSYoungGen      total 59392K, used 41329K [0x00000000f5580000, 0x00000000fdd80000, 0x0000000100000000)
  eden space 35840K, 99% used [0x00000000f5580000,0x00000000f787fff8,0x00000000f7880000)
  from space 23552K, 23% used [0x00000000faa80000,0x00000000fafdc4c8,0x00000000fc180000)
  to   space 51200K, 0% used [0x00000000f7880000,0x00000000f7880000,0x00000000faa80000)
 ParOldGen       total 349696K, used 349695K [0x00000000e0000000, 0x00000000f5580000, 0x00000000f5580000)
  object space 349696K, 99% used [0x00000000e0000000,0x00000000f557ff78,0x00000000f5580000)
 Metaspace       used 59486K, committed 60608K, reserved 1105920K
  class space    used 5793K, committed 6272K, reserved 1048576K
}

